<?xml version="1.0" encoding="UTF-8"?>
<!-- Generated by org.testng.reporters.JUnitXMLReporter -->
<testsuite ignored="0" hostname="DESKTOP-PSPSVDJ" failures="1" tests="6" name="Test" time="19.58" errors="0" timestamp="2023-02-15T12:03:25 EST">
  <testcase classname="Selenium.petSwagger.test1" name="addPet" time="7.094"/>
  <testcase classname="Selenium.petSwagger.test1" name="responseBodyVerify" time="2.238"/>
  <testcase classname="Selenium.petSwagger.test2" name="findPet" time="1.95"/>
  <testcase classname="Selenium.petSwagger.test2" name="responseBodyVerify" time="2.156"/>
  <testcase classname="Selenium.petSwagger.test2_API" name="findPet" time="5.092"/>
  <testcase classname="Selenium.petSwagger.test3_API" name="removePet" time="0.934">
    <failure type="java.lang.AssertionError" message="expected [2000] but found [200]">
      <![CDATA[java.lang.AssertionError: expected [2000] but found [200]
at Selenium.petSwagger.test3_API.removePet(test3_API.java:24)
at java.base/java.util.ArrayList.forEach(ArrayList.java:1541)
... Removed 33 stack frames]]>
    </failure>
  </testcase> <!-- removePet -->
</testsuite> <!-- Test -->
