<?xml version="1.0" encoding="UTF-8"?>
<testng-results ignored="0" total="6" passed="5" failed="1" skipped="0">
  <reporter-output>
  </reporter-output>
  <suite started-at="2023-02-15T12:03:05 EST" name="Suite" finished-at="2023-02-15T12:03:25 EST" duration-ms="19580">
    <groups>
    </groups>
    <test started-at="2023-02-15T12:03:05 EST" name="Test" finished-at="2023-02-15T12:03:25 EST" duration-ms="19580">
      <class name="Selenium.petSwagger.test2">
        <test-method signature="findPet()[pri:0, instance:Selenium.petSwagger.test2@368247b9]" started-at="2023-02-15T12:03:14 EST" name="findPet" finished-at="2023-02-15T12:03:16 EST" duration-ms="1950" status="PASS">
          <reporter-output>
          </reporter-output>
        </test-method> <!-- findPet -->
        <test-method signature="responseBodyVerify()[pri:0, instance:Selenium.petSwagger.test2@368247b9]" started-at="2023-02-15T12:03:16 EST" name="responseBodyVerify" finished-at="2023-02-15T12:03:19 EST" depends-on-methods="Selenium.petSwagger.test2.findPet" duration-ms="2156" status="PASS">
          <reporter-output>
          </reporter-output>
        </test-method> <!-- responseBodyVerify -->
      </class> <!-- Selenium.petSwagger.test2 -->
      <class name="Selenium.petSwagger.test2_API">
        <test-method signature="findPet()[pri:0, instance:Selenium.petSwagger.test2_API@1a6d8329]" started-at="2023-02-15T12:03:19 EST" name="findPet" finished-at="2023-02-15T12:03:24 EST" duration-ms="5092" status="PASS">
          <reporter-output>
          </reporter-output>
        </test-method> <!-- findPet -->
      </class> <!-- Selenium.petSwagger.test2_API -->
      <class name="Selenium.petSwagger.test1">
        <test-method signature="addPet()[pri:0, instance:Selenium.petSwagger.test1@1e6a3214]" started-at="2023-02-15T12:03:05 EST" name="addPet" finished-at="2023-02-15T12:03:12 EST" duration-ms="7094" status="PASS">
          <reporter-output>
          </reporter-output>
        </test-method> <!-- addPet -->
        <test-method signature="responseBodyVerify()[pri:0, instance:Selenium.petSwagger.test1@1e6a3214]" started-at="2023-02-15T12:03:12 EST" name="responseBodyVerify" finished-at="2023-02-15T12:03:14 EST" depends-on-methods="Selenium.petSwagger.test1.addPet" duration-ms="2238" status="PASS">
          <reporter-output>
          </reporter-output>
        </test-method> <!-- responseBodyVerify -->
      </class> <!-- Selenium.petSwagger.test1 -->
      <class name="Selenium.petSwagger.browserLaunch">
        <test-method is-config="true" signature="browser()[pri:0, instance:Selenium.petSwagger.browserLaunch@18df8434]" started-at="2023-02-15T12:03:00 EST" name="browser" finished-at="2023-02-15T12:03:05 EST" duration-ms="5159" status="PASS">
          <reporter-output>
          </reporter-output>
        </test-method> <!-- browser -->
        <test-method is-config="true" signature="tearDown()[pri:0, instance:Selenium.petSwagger.browserLaunch@18df8434]" started-at="2023-02-15T12:03:25 EST" name="tearDown" finished-at="2023-02-15T12:03:25 EST" duration-ms="352" status="PASS">
          <reporter-output>
          </reporter-output>
        </test-method> <!-- tearDown -->
      </class> <!-- Selenium.petSwagger.browserLaunch -->
      <class name="Selenium.petSwagger.test3_API">
        <test-method signature="removePet()[pri:0, instance:Selenium.petSwagger.test3_API@1a942c18]" started-at="2023-02-15T12:03:24 EST" name="removePet" finished-at="2023-02-15T12:03:25 EST" duration-ms="934" status="FAIL">
          <exception class="java.lang.AssertionError">
            <message>
              <![CDATA[expected [2000] but found [200]]]>
            </message>
            <full-stacktrace>
              <![CDATA[java.lang.AssertionError: expected [2000] but found [200]
at org.testng.Assert.fail(Assert.java:99)
at org.testng.Assert.failNotEquals(Assert.java:1037)
at org.testng.Assert.assertEqualsImpl(Assert.java:140)
at org.testng.Assert.assertEquals(Assert.java:122)
at org.testng.Assert.assertEquals(Assert.java:907)
at org.testng.Assert.assertEquals(Assert.java:917)
at Selenium.petSwagger.test3_API.removePet(test3_API.java:24)
at java.base/jdk.internal.reflect.NativeMethodAccessorImpl.invoke0(Native Method)
at java.base/jdk.internal.reflect.NativeMethodAccessorImpl.invoke(NativeMethodAccessorImpl.java:62)
at java.base/jdk.internal.reflect.DelegatingMethodAccessorImpl.invoke(DelegatingMethodAccessorImpl.java:43)
at java.base/java.lang.reflect.Method.invoke(Method.java:566)
at org.testng.internal.MethodInvocationHelper.invokeMethod(MethodInvocationHelper.java:133)
at org.testng.internal.TestInvoker.invokeMethod(TestInvoker.java:598)
at org.testng.internal.TestInvoker.invokeTestMethod(TestInvoker.java:173)
at org.testng.internal.MethodRunner.runInSequence(MethodRunner.java:46)
at org.testng.internal.TestInvoker$MethodInvocationAgent.invoke(TestInvoker.java:824)
at org.testng.internal.TestInvoker.invokeTestMethods(TestInvoker.java:146)
at org.testng.internal.TestMethodWorker.invokeTestMethods(TestMethodWorker.java:146)
at org.testng.internal.TestMethodWorker.run(TestMethodWorker.java:128)
at java.base/java.util.ArrayList.forEach(ArrayList.java:1541)
at org.testng.TestRunner.privateRun(TestRunner.java:794)
at org.testng.TestRunner.run(TestRunner.java:596)
at org.testng.SuiteRunner.runTest(SuiteRunner.java:377)
at org.testng.SuiteRunner.runSequentially(SuiteRunner.java:371)
at org.testng.SuiteRunner.privateRun(SuiteRunner.java:332)
at org.testng.SuiteRunner.run(SuiteRunner.java:276)
at org.testng.SuiteRunnerWorker.runSuite(SuiteRunnerWorker.java:53)
at org.testng.SuiteRunnerWorker.run(SuiteRunnerWorker.java:96)
at org.testng.TestNG.runSuitesSequentially(TestNG.java:1212)
at org.testng.TestNG.runSuitesLocally(TestNG.java:1134)
at org.testng.TestNG.runSuites(TestNG.java:1063)
at org.testng.TestNG.run(TestNG.java:1031)
at org.testng.remote.AbstractRemoteTestNG.run(AbstractRemoteTestNG.java:115)
at org.testng.remote.RemoteTestNG.initAndRun(RemoteTestNG.java:251)
at org.testng.remote.RemoteTestNG.main(RemoteTestNG.java:77)
]]>
            </full-stacktrace>
          </exception> <!-- java.lang.AssertionError -->
          <reporter-output>
          </reporter-output>
        </test-method> <!-- removePet -->
      </class> <!-- Selenium.petSwagger.test3_API -->
    </test> <!-- Test -->
  </suite> <!-- Suite -->
</testng-results>
